WARNING 2020-05-11 00:08:10,401 log 5417 140340824319808 Bad Request: /
WARNING 2020-05-11 00:32:44,266 log 5417 140340824319808 Bad Request: /
WARNING 2020-05-11 01:07:21,128 log 5417 140340824319808 Bad Request: /
WARNING 2020-05-11 02:50:55,362 log 5417 140340824319808 Bad Request: /adv,/cgi-bin/weblogin.cgi
WARNING 2020-05-11 03:03:35,969 log 5417 140340824319808 Bad Request: /
WARNING 2020-05-11 03:06:56,423 log 5417 140340824319808 Bad Request: /user/soapCaller.bs
WARNING 2020-05-11 03:45:57,770 log 5417 140340824319808 Bad Request: /
WARNING 2020-05-11 04:13:16,492 log 5417 140340824319808 Bad Request: /
WARNING 2020-05-11 04:50:40,365 log 5417 140340824319808 Bad Request: /
WARNING 2020-05-11 05:35:55,309 log 5417 140340824319808 Bad Request: /
WARNING 2020-05-11 07:43:26,055 log 5417 140340824319808 Bad Request: /cache/global/img/gs.gif
WARNING 2020-05-11 09:27:25,378 log 5417 140340824319808 Bad Request: /
WARNING 2020-05-11 11:02:38,491 log 5417 140340824319808 Not Found: /favicon.ico
WARNING 2020-05-11 11:44:55,907 log 5417 140340824319808 Bad Request: /
WARNING 2020-05-11 11:44:55,998 log 5417 140340824319808 Bad Request: /
WARNING 2020-05-11 11:49:32,730 log 5417 140340824319808 Bad Request: /
WARNING 2020-05-11 12:31:08,293 log 5417 140340824319808 Bad Request: /hudson
WARNING 2020-05-11 14:42:36,217 log 5417 140340824319808 Bad Request: /adv,/cgi-bin/weblogin.cgi
WARNING 2020-05-11 15:27:40,547 log 5417 140340824319808 Bad Request: /
WARNING 2020-05-11 15:42:19,997 log 5417 140340824319808 Bad Request: /
WARNING 2020-05-11 16:03:08,140 log 5417 140340824319808 Bad Request: /
WARNING 2020-05-11 17:01:43,735 log 5417 140340824319808 Bad Request: /
WARNING 2020-05-11 17:01:45,857 log 5417 140340824319808 Bad Request: /
WARNING 2020-05-11 17:24:28,344 log 5417 140340824319808 Bad Request: /cache/global/img/gs.gif
WARNING 2020-05-11 17:49:07,772 log 5417 140340824319808 Bad Request: /
